# JRE version: Java(TM) SE Runtime Environment (7.0_45-b18) (build 1.7.0_45-b18)
# Java VM: Java HotSpot(TM) 64-Bit Server VM (24.45-b08 mixed mode windows-amd64 compressed oops)
Heap
 PSYoungGen      total 260608K, used 180253K [0x00000007d6f00000, 0x00000007e7400000, 0x0000000800000000)
  eden space 253952K, 70% used [0x00000007d6f00000,0x00000007e1d37438,0x00000007e6700000)
  from space 6656K, 27% used [0x00000007e6d80000,0x00000007e6f50000,0x00000007e7400000)
  to   space 6656K, 0% used [0x00000007e6700000,0x00000007e6700000,0x00000007e6d80000)
 ParOldGen       total 83968K, used 26479K [0x0000000784e00000, 0x000000078a000000, 0x00000007d6f00000)
  object space 83968K, 31% used [0x0000000784e00000,0x00000007867dbf88,0x000000078a000000)
 PSPermGen       total 21504K, used 17414K [0x000000077fc00000, 0x0000000781100000, 0x0000000784e00000)
  object space 21504K, 80% used [0x000000077fc00000,0x0000000780d01b68,0x0000000781100000)
GC Heap History (10 events):
Event: 8.920 GC heap before
{Heap before GC invocations=4 (full 0):
 PSYoungGen      total 36864K, used 36847K [0x00000007d6f00000, 0x00000007db700000, 0x0000000800000000)
  eden space 31744K, 100% used [0x00000007d6f00000,0x00000007d8e00000,0x00000007d8e00000)
  from space 5120K, 99% used [0x00000007d8e00000,0x00000007d92fbe90,0x00000007d9300000)
  to   space 5120K, 0% used [0x00000007db200000,0x00000007db200000,0x00000007db700000)
 ParOldGen       total 83968K, used 23167K [0x0000000784e00000, 0x000000078a000000, 0x00000007d6f00000)
  object space 83968K, 27% used [0x0000000784e00000,0x000000078649fcc8,0x000000078a000000)
 PSPermGen       total 21504K, used 16540K [0x000000077fc00000, 0x0000000781100000, 0x0000000784e00000)
  object space 21504K, 76% used [0x000000077fc00000,0x0000000780c27118,0x0000000781100000)
Event: 8.925 GC heap after
Heap after GC invocations=4 (full 0):
 PSYoungGen      total 68608K, used 3599K [0x00000007d6f00000, 0x00000007db700000, 0x0000000800000000)
  eden space 63488K, 0% used [0x00000007d6f00000,0x00000007d6f00000,0x00000007dad00000)
  from space 5120K, 70% used [0x00000007db200000,0x00000007db583e70,0x00000007db700000)
  to   space 5120K, 0% used [0x00000007dad00000,0x00000007dad00000,0x00000007db200000)
 ParOldGen       total 83968K, used 23175K [0x0000000784e00000, 0x000000078a000000, 0x00000007d6f00000)
  object space 83968K, 27% used [0x0000000784e00000,0x00000007864a1cc8,0x000000078a000000)
 PSPermGen       total 21504K, used 16540K [0x000000077fc00000, 0x0000000781100000, 0x0000000784e00000)
  object space 21504K, 76% used [0x000000077fc00000,0x0000000780c27118,0x0000000781100000)
}
Event: 9.183 GC heap before
{Heap before GC invocations=5 (full 0):
 PSYoungGen      total 68608K, used 67087K [0x00000007d6f00000, 0x00000007db700000, 0x0000000800000000)
  eden space 63488K, 100% used [0x00000007d6f00000,0x00000007dad00000,0x00000007dad00000)
  from space 5120K, 70% used [0x00000007db200000,0x00000007db583e70,0x00000007db700000)
  to   space 5120K, 0% used [0x00000007dad00000,0x00000007dad00000,0x00000007db200000)
 ParOldGen       total 83968K, used 23175K [0x0000000784e00000, 0x000000078a000000, 0x00000007d6f00000)
  object space 83968K, 27% used [0x0000000784e00000,0x00000007864a1cc8,0x000000078a000000)
 PSPermGen       total 21504K, used 16590K [0x000000077fc00000, 0x0000000781100000, 0x0000000784e00000)
  object space 21504K, 77% used [0x000000077fc00000,0x0000000780c33b60,0x0000000781100000)
Event: 9.189 GC heap after
Heap after GC invocations=5 (full 0):
 PSYoungGen      total 68608K, used 4079K [0x00000007d6f00000, 0x00000007df700000, 0x0000000800000000)
  eden space 63488K, 0% used [0x00000007d6f00000,0x00000007d6f00000,0x00000007dad00000)
  from space 5120K, 79% used [0x00000007dad00000,0x00000007db0fbe90,0x00000007db200000)
  to   space 6144K, 0% used [0x00000007df100000,0x00000007df100000,0x00000007df700000)
 ParOldGen       total 83968K, used 23183K [0x0000000784e00000, 0x000000078a000000, 0x00000007d6f00000)
  object space 83968K, 27% used [0x0000000784e00000,0x00000007864a3cc8,0x000000078a000000)
 PSPermGen       total 21504K, used 16590K [0x000000077fc00000, 0x0000000781100000, 0x0000000784e00000)
  object space 21504K, 77% used [0x000000077fc00000,0x0000000780c33b60,0x0000000781100000)
}
Event: 9.340 GC heap before
{Heap before GC invocations=6 (full 0):
 PSYoungGen      total 68608K, used 67567K [0x00000007d6f00000, 0x00000007df700000, 0x0000000800000000)
  eden space 63488K, 100% used [0x00000007d6f00000,0x00000007dad00000,0x00000007dad00000)
  from space 5120K, 79% used [0x00000007dad00000,0x00000007db0fbe90,0x00000007db200000)
  to   space 6144K, 0% used [0x00000007df100000,0x00000007df100000,0x00000007df700000)
 ParOldGen       total 83968K, used 23183K [0x0000000784e00000, 0x000000078a000000, 0x00000007d6f00000)
  object space 83968K, 27% used [0x0000000784e00000,0x00000007864a3cc8,0x000000078a000000)
 PSPermGen       total 21504K, used 16597K [0x000000077fc00000, 0x0000000781100000, 0x0000000784e00000)
  object space 21504K, 77% used [0x000000077fc00000,0x0000000780c356f8,0x0000000781100000)
Event: 9.344 GC heap after
Heap after GC invocations=6 (full 0):
 PSYoungGen      total 133120K, used 3464K [0x00000007d6f00000, 0x00000007df700000, 0x0000000800000000)
  eden space 126976K, 0% used [0x00000007d6f00000,0x00000007d6f00000,0x00000007deb00000)
  from space 6144K, 56% used [0x00000007df100000,0x00000007df462020,0x00000007df700000)
  to   space 6144K, 0% used [0x00000007deb00000,0x00000007deb00000,0x00000007df100000)
 ParOldGen       total 83968K, used 23255K [0x0000000784e00000, 0x000000078a000000, 0x00000007d6f00000)
  object space 83968K, 27% used [0x0000000784e00000,0x00000007864b5cd8,0x000000078a000000)
 PSPermGen       total 21504K, used 16597K [0x000000077fc00000, 0x0000000781100000, 0x0000000784e00000)
  object space 21504K, 77% used [0x000000077fc00000,0x0000000780c356f8,0x0000000781100000)
}
Event: 9.499 GC heap before
{Heap before GC invocations=7 (full 0):
 PSYoungGen      total 133120K, used 130440K [0x00000007d6f00000, 0x00000007df700000, 0x0000000800000000)
  eden space 126976K, 100% used [0x00000007d6f00000,0x00000007deb00000,0x00000007deb00000)
  from space 6144K, 56% used [0x00000007df100000,0x00000007df462020,0x00000007df700000)
  to   space 6144K, 0% used [0x00000007deb00000,0x00000007deb00000,0x00000007df100000)
 ParOldGen       total 83968K, used 23255K [0x0000000784e00000, 0x000000078a000000, 0x00000007d6f00000)
  object space 83968K, 27% used [0x0000000784e00000,0x00000007864b5cd8,0x000000078a000000)
 PSPermGen       total 21504K, used 16617K [0x000000077fc00000, 0x0000000781100000, 0x0000000784e00000)
  object space 21504K, 77% used [0x000000077fc00000,0x0000000780c3a6d8,0x0000000781100000)
Event: 9.503 GC heap after
Heap after GC invocations=7 (full 0):
 PSYoungGen      total 133120K, used 1056K [0x00000007d6f00000, 0x00000007e7400000, 0x0000000800000000)
  eden space 126976K, 0% used [0x00000007d6f00000,0x00000007d6f00000,0x00000007deb00000)
  from space 6144K, 17% used [0x00000007deb00000,0x00000007dec08000,0x00000007df100000)
  to   space 6656K, 0% used [0x00000007e6d80000,0x00000007e6d80000,0x00000007e7400000)
 ParOldGen       total 83968K, used 26447K [0x0000000784e00000, 0x000000078a000000, 0x00000007d6f00000)
  object space 83968K, 31% used [0x0000000784e00000,0x00000007867d3f88,0x000000078a000000)
 PSPermGen       total 21504K, used 16617K [0x000000077fc00000, 0x0000000781100000, 0x0000000784e00000)
  object space 21504K, 77% used [0x000000077fc00000,0x0000000780c3a6d8,0x0000000781100000)
}
Event: 9.669 GC heap before
{Heap before GC invocations=8 (full 0):
 PSYoungGen      total 133120K, used 128032K [0x00000007d6f00000, 0x00000007e7400000, 0x0000000800000000)
  eden space 126976K, 100% used [0x00000007d6f00000,0x00000007deb00000,0x00000007deb00000)
  from space 6144K, 17% used [0x00000007deb00000,0x00000007dec08000,0x00000007df100000)
  to   space 6656K, 0% used [0x00000007e6d80000,0x00000007e6d80000,0x00000007e7400000)
 ParOldGen       total 83968K, used 26447K [0x0000000784e00000, 0x000000078a000000, 0x00000007d6f00000)
  object space 83968K, 31% used [0x0000000784e00000,0x00000007867d3f88,0x000000078a000000)
 PSPermGen       total 21504K, used 16763K [0x000000077fc00000, 0x0000000781100000, 0x0000000784e00000)
  object space 21504K, 77% used [0x000000077fc00000,0x0000000780c5ecb8,0x0000000781100000)
Event: 9.672 GC heap after
Heap after GC invocations=8 (full 0):
 PSYoungGen      total 260608K, used 1856K [0x00000007d6f00000, 0x00000007e7400000, 0x0000000800000000)
  eden space 253952K, 0% used [0x00000007d6f00000,0x00000007d6f00000,0x00000007e6700000)
  from space 6656K, 27% used [0x00000007e6d80000,0x00000007e6f50000,0x00000007e7400000)
  to   space 6656K, 0% used [0x00000007e6700000,0x00000007e6700000,0x00000007e6d80000)
 ParOldGen       total 83968K, used 26479K [0x0000000784e00000, 0x000000078a000000, 0x00000007d6f00000)
  object space 83968K, 31% used [0x0000000784e00000,0x00000007867dbf88,0x000000078a000000)
 PSPermGen       total 21504K, used 16763K [0x000000077fc00000, 0x0000000781100000, 0x0000000784e00000)
  object space 21504K, 77% used [0x000000077fc00000,0x0000000780c5ecb8,0x0000000781100000)
}

