# JRE version: Java(TM) SE Runtime Environment (7.0_45-b18) (build 1.7.0_45-b18)
# Java VM: Java HotSpot(TM) 64-Bit Server VM (24.45-b08 mixed mode windows-amd64 compressed oops)
Heap
 PSYoungGen      total 413696K, used 311765K [0x00000007d6f00000, 0x00000007f0a00000, 0x0000000800000000)
  eden space 406528K, 76% used [0x00000007d6f00000,0x00000007e9e85658,0x00000007efc00000)
  from space 7168K, 13% used [0x00000007f0300000,0x00000007f03f0000,0x00000007f0a00000)
  to   space 7168K, 0% used [0x00000007efc00000,0x00000007efc00000,0x00000007f0300000)
 ParOldGen       total 83968K, used 26926K [0x0000000784e00000, 0x000000078a000000, 0x00000007d6f00000)
  object space 83968K, 32% used [0x0000000784e00000,0x000000078684b918,0x000000078a000000)
 PSPermGen       total 21504K, used 17448K [0x000000077fc00000, 0x0000000781100000, 0x0000000784e00000)
  object space 21504K, 81% used [0x000000077fc00000,0x0000000780d0a370,0x0000000781100000)
GC Heap History (10 events):
Event: 12.556 GC heap before
{Heap before GC invocations=6 (full 0):
 PSYoungGen      total 68608K, used 67519K [0x00000007d6f00000, 0x00000007df700000, 0x0000000800000000)
  eden space 63488K, 100% used [0x00000007d6f00000,0x00000007dad00000,0x00000007dad00000)
  from space 5120K, 78% used [0x00000007dad00000,0x00000007db0efea0,0x00000007db200000)
  to   space 6144K, 0% used [0x00000007df100000,0x00000007df100000,0x00000007df700000)
 ParOldGen       total 83968K, used 23574K [0x0000000784e00000, 0x000000078a000000, 0x00000007d6f00000)
  object space 83968K, 28% used [0x0000000784e00000,0x0000000786505a38,0x000000078a000000)
 PSPermGen       total 21504K, used 16602K [0x000000077fc00000, 0x0000000781100000, 0x0000000784e00000)
  object space 21504K, 77% used [0x000000077fc00000,0x0000000780c36900,0x0000000781100000)
Event: 12.561 GC heap after
Heap after GC invocations=6 (full 0):
 PSYoungGen      total 133120K, used 3503K [0x00000007d6f00000, 0x00000007df700000, 0x0000000800000000)
  eden space 126976K, 0% used [0x00000007d6f00000,0x00000007d6f00000,0x00000007deb00000)
  from space 6144K, 57% used [0x00000007df100000,0x00000007df46be90,0x00000007df700000)
  to   space 6144K, 0% used [0x00000007deb00000,0x00000007deb00000,0x00000007df100000)
 ParOldGen       total 83968K, used 23582K [0x0000000784e00000, 0x000000078a000000, 0x00000007d6f00000)
  object space 83968K, 28% used [0x0000000784e00000,0x0000000786507a38,0x000000078a000000)
 PSPermGen       total 21504K, used 16602K [0x000000077fc00000, 0x0000000781100000, 0x0000000784e00000)
  object space 21504K, 77% used [0x000000077fc00000,0x0000000780c36900,0x0000000781100000)
}
Event: 12.727 GC heap before
{Heap before GC invocations=7 (full 0):
 PSYoungGen      total 133120K, used 130479K [0x00000007d6f00000, 0x00000007df700000, 0x0000000800000000)
  eden space 126976K, 100% used [0x00000007d6f00000,0x00000007deb00000,0x00000007deb00000)
  from space 6144K, 57% used [0x00000007df100000,0x00000007df46be90,0x00000007df700000)
  to   space 6144K, 0% used [0x00000007deb00000,0x00000007deb00000,0x00000007df100000)
 ParOldGen       total 83968K, used 23582K [0x0000000784e00000, 0x000000078a000000, 0x00000007d6f00000)
  object space 83968K, 28% used [0x0000000784e00000,0x0000000786507a38,0x000000078a000000)
 PSPermGen       total 21504K, used 16621K [0x000000077fc00000, 0x0000000781100000, 0x0000000784e00000)
  object space 21504K, 77% used [0x000000077fc00000,0x0000000780c3b760,0x0000000781100000)
Event: 12.732 GC heap after
Heap after GC invocations=7 (full 0):
 PSYoungGen      total 133120K, used 1088K [0x00000007d6f00000, 0x00000007e7400000, 0x0000000800000000)
  eden space 126976K, 0% used [0x00000007d6f00000,0x00000007d6f00000,0x00000007deb00000)
  from space 6144K, 17% used [0x00000007deb00000,0x00000007dec10000,0x00000007df100000)
  to   space 6656K, 0% used [0x00000007e6d80000,0x00000007e6d80000,0x00000007e7400000)
 ParOldGen       total 83968K, used 26782K [0x0000000784e00000, 0x000000078a000000, 0x00000007d6f00000)
  object space 83968K, 31% used [0x0000000784e00000,0x0000000786827918,0x000000078a000000)
 PSPermGen       total 21504K, used 16621K [0x000000077fc00000, 0x0000000781100000, 0x0000000784e00000)
  object space 21504K, 77% used [0x000000077fc00000,0x0000000780c3b760,0x0000000781100000)
}
Event: 12.902 GC heap before
{Heap before GC invocations=8 (full 0):
 PSYoungGen      total 133120K, used 128064K [0x00000007d6f00000, 0x00000007e7400000, 0x0000000800000000)
  eden space 126976K, 100% used [0x00000007d6f00000,0x00000007deb00000,0x00000007deb00000)
  from space 6144K, 17% used [0x00000007deb00000,0x00000007dec10000,0x00000007df100000)
  to   space 6656K, 0% used [0x00000007e6d80000,0x00000007e6d80000,0x00000007e7400000)
 ParOldGen       total 83968K, used 26782K [0x0000000784e00000, 0x000000078a000000, 0x00000007d6f00000)
  object space 83968K, 31% used [0x0000000784e00000,0x0000000786827918,0x000000078a000000)
 PSPermGen       total 21504K, used 16772K [0x000000077fc00000, 0x0000000781100000, 0x0000000784e00000)
  object space 21504K, 77% used [0x000000077fc00000,0x0000000780c611a0,0x0000000781100000)
Event: 12.905 GC heap after
Heap after GC invocations=8 (full 0):
 PSYoungGen      total 260608K, used 1760K [0x00000007d6f00000, 0x00000007e7400000, 0x0000000800000000)
  eden space 253952K, 0% used [0x00000007d6f00000,0x00000007d6f00000,0x00000007e6700000)
  from space 6656K, 26% used [0x00000007e6d80000,0x00000007e6f38000,0x00000007e7400000)
  to   space 6656K, 0% used [0x00000007e6700000,0x00000007e6700000,0x00000007e6d80000)
 ParOldGen       total 83968K, used 26854K [0x0000000784e00000, 0x000000078a000000, 0x00000007d6f00000)
  object space 83968K, 31% used [0x0000000784e00000,0x0000000786839918,0x000000078a000000)
 PSPermGen       total 21504K, used 16772K [0x000000077fc00000, 0x0000000781100000, 0x0000000784e00000)
  object space 21504K, 77% used [0x000000077fc00000,0x0000000780c611a0,0x0000000781100000)
}
Event: 14.685 GC heap before
{Heap before GC invocations=9 (full 0):
 PSYoungGen      total 260608K, used 255712K [0x00000007d6f00000, 0x00000007e7400000, 0x0000000800000000)
  eden space 253952K, 100% used [0x00000007d6f00000,0x00000007e6700000,0x00000007e6700000)
  from space 6656K, 26% used [0x00000007e6d80000,0x00000007e6f38000,0x00000007e7400000)
  to   space 6656K, 0% used [0x00000007e6700000,0x00000007e6700000,0x00000007e6d80000)
 ParOldGen       total 83968K, used 26854K [0x0000000784e00000, 0x000000078a000000, 0x00000007d6f00000)
  object space 83968K, 31% used [0x0000000784e00000,0x0000000786839918,0x000000078a000000)
 PSPermGen       total 21504K, used 16802K [0x000000077fc00000, 0x0000000781100000, 0x0000000784e00000)
  object space 21504K, 78% used [0x000000077fc00000,0x0000000780c68be8,0x0000000781100000)
Event: 14.690 GC heap after
Heap after GC invocations=9 (full 0):
 PSYoungGen      total 260608K, used 256K [0x00000007d6f00000, 0x00000007f0a00000, 0x0000000800000000)
  eden space 253952K, 0% used [0x00000007d6f00000,0x00000007d6f00000,0x00000007e6700000)
  from space 6656K, 3% used [0x00000007e6700000,0x00000007e6740000,0x00000007e6d80000)
  to   space 7168K, 0% used [0x00000007f0300000,0x00000007f0300000,0x00000007f0a00000)
 ParOldGen       total 83968K, used 26886K [0x0000000784e00000, 0x000000078a000000, 0x00000007d6f00000)
  object space 83968K, 32% used [0x0000000784e00000,0x0000000786841918,0x000000078a000000)
 PSPermGen       total 21504K, used 16802K [0x000000077fc00000, 0x0000000781100000, 0x0000000784e00000)
  object space 21504K, 78% used [0x000000077fc00000,0x0000000780c68be8,0x0000000781100000)
}
Event: 14.912 GC heap before
{Heap before GC invocations=10 (full 0):
 PSYoungGen      total 260608K, used 254208K [0x00000007d6f00000, 0x00000007f0a00000, 0x0000000800000000)
  eden space 253952K, 100% used [0x00000007d6f00000,0x00000007e6700000,0x00000007e6700000)
  from space 6656K, 3% used [0x00000007e6700000,0x00000007e6740000,0x00000007e6d80000)
  to   space 7168K, 0% used [0x00000007f0300000,0x00000007f0300000,0x00000007f0a00000)
 ParOldGen       total 83968K, used 26886K [0x0000000784e00000, 0x000000078a000000, 0x00000007d6f00000)
  object space 83968K, 32% used [0x0000000784e00000,0x0000000786841918,0x000000078a000000)
 PSPermGen       total 21504K, used 16809K [0x000000077fc00000, 0x0000000781100000, 0x0000000784e00000)
  object space 21504K, 78% used [0x000000077fc00000,0x0000000780c6a630,0x0000000781100000)
Event: 14.914 GC heap after
Heap after GC invocations=10 (full 0):
 PSYoungGen      total 413696K, used 960K [0x00000007d6f00000, 0x00000007f0a00000, 0x0000000800000000)
  eden space 406528K, 0% used [0x00000007d6f00000,0x00000007d6f00000,0x00000007efc00000)
  from space 7168K, 13% used [0x00000007f0300000,0x00000007f03f0000,0x00000007f0a00000)
  to   space 7168K, 0% used [0x00000007efc00000,0x00000007efc00000,0x00000007f0300000)
 ParOldGen       total 83968K, used 26926K [0x0000000784e00000, 0x000000078a000000, 0x00000007d6f00000)
  object space 83968K, 32% used [0x0000000784e00000,0x000000078684b918,0x000000078a000000)
 PSPermGen       total 21504K, used 16809K [0x000000077fc00000, 0x0000000781100000, 0x0000000784e00000)
  object space 21504K, 78% used [0x000000077fc00000,0x0000000780c6a630,0x0000000781100000)
}

