# JRE version: Java(TM) SE Runtime Environment (7.0_45-b18) (build 1.7.0_45-b18)
# Java VM: Java HotSpot(TM) 64-Bit Server VM (24.45-b08 mixed mode windows-amd64 compressed oops)
Heap
 PSYoungGen      total 260608K, used 177655K [0x00000007d6f00000, 0x00000007e7400000, 0x0000000800000000)
  eden space 253952K, 69% used [0x00000007d6f00000,0x00000007e1ac5ec8,0x00000007e6700000)
  from space 6656K, 26% used [0x00000007e6d80000,0x00000007e6f38000,0x00000007e7400000)
  to   space 6656K, 0% used [0x00000007e6700000,0x00000007e6700000,0x00000007e6d80000)
 ParOldGen       total 83968K, used 26557K [0x0000000784e00000, 0x000000078a000000, 0x00000007d6f00000)
  object space 83968K, 31% used [0x0000000784e00000,0x00000007867ef640,0x000000078a000000)
 PSPermGen       total 21504K, used 17446K [0x000000077fc00000, 0x0000000781100000, 0x0000000784e00000)
  object space 21504K, 81% used [0x000000077fc00000,0x0000000780d099b8,0x0000000781100000)
GC Heap History (10 events):
Event: 23.832 GC heap before
{Heap before GC invocations=4 (full 0):
 PSYoungGen      total 36864K, used 36840K [0x00000007d6f00000, 0x00000007db700000, 0x0000000800000000)
  eden space 31744K, 100% used [0x00000007d6f00000,0x00000007d8e00000,0x00000007d8e00000)
  from space 5120K, 99% used [0x00000007d8e00000,0x00000007d92fa040,0x00000007d9300000)
  to   space 5120K, 0% used [0x00000007db200000,0x00000007db200000,0x00000007db700000)
 ParOldGen       total 83968K, used 23250K [0x0000000784e00000, 0x000000078a000000, 0x00000007d6f00000)
  object space 83968K, 27% used [0x0000000784e00000,0x00000007864b4868,0x000000078a000000)
 PSPermGen       total 21504K, used 16573K [0x000000077fc00000, 0x0000000781100000, 0x0000000784e00000)
  object space 21504K, 77% used [0x000000077fc00000,0x0000000780c2f498,0x0000000781100000)
Event: 23.837 GC heap after
Heap after GC invocations=4 (full 0):
 PSYoungGen      total 68608K, used 3487K [0x00000007d6f00000, 0x00000007db700000, 0x0000000800000000)
  eden space 63488K, 0% used [0x00000007d6f00000,0x00000007d6f00000,0x00000007dad00000)
  from space 5120K, 68% used [0x00000007db200000,0x00000007db567e70,0x00000007db700000)
  to   space 5120K, 0% used [0x00000007dad00000,0x00000007dad00000,0x00000007db200000)
 ParOldGen       total 83968K, used 23250K [0x0000000784e00000, 0x000000078a000000, 0x00000007d6f00000)
  object space 83968K, 27% used [0x0000000784e00000,0x00000007864b4868,0x000000078a000000)
 PSPermGen       total 21504K, used 16573K [0x000000077fc00000, 0x0000000781100000, 0x0000000784e00000)
  object space 21504K, 77% used [0x000000077fc00000,0x0000000780c2f498,0x0000000781100000)
}
Event: 24.101 GC heap before
{Heap before GC invocations=5 (full 0):
 PSYoungGen      total 68608K, used 66975K [0x00000007d6f00000, 0x00000007db700000, 0x0000000800000000)
  eden space 63488K, 100% used [0x00000007d6f00000,0x00000007dad00000,0x00000007dad00000)
  from space 5120K, 68% used [0x00000007db200000,0x00000007db567e70,0x00000007db700000)
  to   space 5120K, 0% used [0x00000007dad00000,0x00000007dad00000,0x00000007db200000)
 ParOldGen       total 83968K, used 23250K [0x0000000784e00000, 0x000000078a000000, 0x00000007d6f00000)
  object space 83968K, 27% used [0x0000000784e00000,0x00000007864b4868,0x000000078a000000)
 PSPermGen       total 21504K, used 16623K [0x000000077fc00000, 0x0000000781100000, 0x0000000784e00000)
  object space 21504K, 77% used [0x000000077fc00000,0x0000000780c3bf90,0x0000000781100000)
Event: 24.116 GC heap after
Heap after GC invocations=5 (full 0):
 PSYoungGen      total 68608K, used 3999K [0x00000007d6f00000, 0x00000007df700000, 0x0000000800000000)
  eden space 63488K, 0% used [0x00000007d6f00000,0x00000007d6f00000,0x00000007dad00000)
  from space 5120K, 78% used [0x00000007dad00000,0x00000007db0e7e70,0x00000007db200000)
  to   space 6144K, 0% used [0x00000007df100000,0x00000007df100000,0x00000007df700000)
 ParOldGen       total 83968K, used 23258K [0x0000000784e00000, 0x000000078a000000, 0x00000007d6f00000)
  object space 83968K, 27% used [0x0000000784e00000,0x00000007864b6868,0x000000078a000000)
 PSPermGen       total 21504K, used 16623K [0x000000077fc00000, 0x0000000781100000, 0x0000000784e00000)
  object space 21504K, 77% used [0x000000077fc00000,0x0000000780c3bf90,0x0000000781100000)
}
Event: 24.284 GC heap before
{Heap before GC invocations=6 (full 0):
 PSYoungGen      total 68608K, used 67487K [0x00000007d6f00000, 0x00000007df700000, 0x0000000800000000)
  eden space 63488K, 100% used [0x00000007d6f00000,0x00000007dad00000,0x00000007dad00000)
  from space 5120K, 78% used [0x00000007dad00000,0x00000007db0e7e70,0x00000007db200000)
  to   space 6144K, 0% used [0x00000007df100000,0x00000007df100000,0x00000007df700000)
 ParOldGen       total 83968K, used 23258K [0x0000000784e00000, 0x000000078a000000, 0x00000007d6f00000)
  object space 83968K, 27% used [0x0000000784e00000,0x00000007864b6868,0x000000078a000000)
 PSPermGen       total 21504K, used 16631K [0x000000077fc00000, 0x0000000781100000, 0x0000000784e00000)
  object space 21504K, 77% used [0x000000077fc00000,0x0000000780c3dc00,0x0000000781100000)
Event: 24.290 GC heap after
Heap after GC invocations=6 (full 0):
 PSYoungGen      total 133120K, used 3423K [0x00000007d6f00000, 0x00000007df700000, 0x0000000800000000)
  eden space 126976K, 0% used [0x00000007d6f00000,0x00000007d6f00000,0x00000007deb00000)
  from space 6144K, 55% used [0x00000007df100000,0x00000007df457e70,0x00000007df700000)
  to   space 6144K, 0% used [0x00000007deb00000,0x00000007deb00000,0x00000007df100000)
 ParOldGen       total 83968K, used 23266K [0x0000000784e00000, 0x000000078a000000, 0x00000007d6f00000)
  object space 83968K, 27% used [0x0000000784e00000,0x00000007864b8868,0x000000078a000000)
 PSPermGen       total 21504K, used 16631K [0x000000077fc00000, 0x0000000781100000, 0x0000000784e00000)
  object space 21504K, 77% used [0x000000077fc00000,0x0000000780c3dc00,0x0000000781100000)
}
Event: 24.468 GC heap before
{Heap before GC invocations=7 (full 0):
 PSYoungGen      total 133120K, used 130399K [0x00000007d6f00000, 0x00000007df700000, 0x0000000800000000)
  eden space 126976K, 100% used [0x00000007d6f00000,0x00000007deb00000,0x00000007deb00000)
  from space 6144K, 55% used [0x00000007df100000,0x00000007df457e70,0x00000007df700000)
  to   space 6144K, 0% used [0x00000007deb00000,0x00000007deb00000,0x00000007df100000)
 ParOldGen       total 83968K, used 23266K [0x0000000784e00000, 0x000000078a000000, 0x00000007d6f00000)
  object space 83968K, 27% used [0x0000000784e00000,0x00000007864b8868,0x000000078a000000)
 PSPermGen       total 21504K, used 16646K [0x000000077fc00000, 0x0000000781100000, 0x0000000784e00000)
  object space 21504K, 77% used [0x000000077fc00000,0x0000000780c41848,0x0000000781100000)
Event: 24.477 GC heap after
Heap after GC invocations=7 (full 0):
 PSYoungGen      total 133120K, used 822K [0x00000007d6f00000, 0x00000007e7400000, 0x0000000800000000)
  eden space 126976K, 0% used [0x00000007d6f00000,0x00000007d6f00000,0x00000007deb00000)
  from space 6144K, 13% used [0x00000007deb00000,0x00000007debcdb30,0x00000007df100000)
  to   space 6656K, 0% used [0x00000007e6d80000,0x00000007e6d80000,0x00000007e7400000)
 ParOldGen       total 83968K, used 26517K [0x0000000784e00000, 0x000000078a000000, 0x00000007d6f00000)
  object space 83968K, 31% used [0x0000000784e00000,0x00000007867e5640,0x000000078a000000)
 PSPermGen       total 21504K, used 16646K [0x000000077fc00000, 0x0000000781100000, 0x0000000784e00000)
  object space 21504K, 77% used [0x000000077fc00000,0x0000000780c41848,0x0000000781100000)
}
Event: 24.646 GC heap before
{Heap before GC invocations=8 (full 0):
 PSYoungGen      total 133120K, used 127798K [0x00000007d6f00000, 0x00000007e7400000, 0x0000000800000000)
  eden space 126976K, 100% used [0x00000007d6f00000,0x00000007deb00000,0x00000007deb00000)
  from space 6144K, 13% used [0x00000007deb00000,0x00000007debcdb30,0x00000007df100000)
  to   space 6656K, 0% used [0x00000007e6d80000,0x00000007e6d80000,0x00000007e7400000)
 ParOldGen       total 83968K, used 26517K [0x0000000784e00000, 0x000000078a000000, 0x00000007d6f00000)
  object space 83968K, 31% used [0x0000000784e00000,0x00000007867e5640,0x000000078a000000)
 PSPermGen       total 21504K, used 16793K [0x000000077fc00000, 0x0000000781100000, 0x0000000784e00000)
  object space 21504K, 78% used [0x000000077fc00000,0x0000000780c66448,0x0000000781100000)
Event: 24.648 GC heap after
Heap after GC invocations=8 (full 0):
 PSYoungGen      total 260608K, used 1760K [0x00000007d6f00000, 0x00000007e7400000, 0x0000000800000000)
  eden space 253952K, 0% used [0x00000007d6f00000,0x00000007d6f00000,0x00000007e6700000)
  from space 6656K, 26% used [0x00000007e6d80000,0x00000007e6f38000,0x00000007e7400000)
  to   space 6656K, 0% used [0x00000007e6700000,0x00000007e6700000,0x00000007e6d80000)
 ParOldGen       total 83968K, used 26557K [0x0000000784e00000, 0x000000078a000000, 0x00000007d6f00000)
  object space 83968K, 31% used [0x0000000784e00000,0x00000007867ef640,0x000000078a000000)
 PSPermGen       total 21504K, used 16793K [0x000000077fc00000, 0x0000000781100000, 0x0000000784e00000)
  object space 21504K, 78% used [0x000000077fc00000,0x0000000780c66448,0x0000000781100000)
}

